[INFO] Scanning for projects...
[INFO] ------------------------------------------------------------------------
[INFO] Detecting the operating system and CPU architecture
[INFO] ------------------------------------------------------------------------
[INFO] os.detected.name: osx
[INFO] os.detected.arch: x86_64
[INFO] os.detected.bitness: 64
[INFO] os.detected.version: 10.15
[INFO] os.detected.version.major: 10
[INFO] os.detected.version.minor: 15
[INFO] os.detected.classifier: osx-x86_64
[INFO] 
[INFO] ------------------< com.lunar_prototype:Iron-Horizon >------------------
[INFO] Building Iron-Horizon 1.0-SNAPSHOT
[INFO]   from pom.xml
[INFO] --------------------------------[ jar ]---------------------------------
[INFO] 
[INFO] --- exec:3.1.0:exec (default-cli) @ Iron-Horizon ---
Hello LWJGL 3.3.3+5!
00:00  INFO: Connecting: localhost/127.0.0.1:54555/54777
00:00  INFO: [kryonet] Connection 1 connected: localhost/127.0.0.1
Server: Welcome to Iron Horizon, Player1
00:20  INFO: [kryonet] Connection 1 disconnected.
[INFO] ------------------------------------------------------------------------
[INFO] BUILD SUCCESS
[INFO] ------------------------------------------------------------------------
[INFO] Total time:  21.941 s
[INFO] Finished at: 2026-02-09T10:48:30+09:00
[INFO] ------------------------------------------------------------------------
